[debug] [2018-10-13T13:50:01.737Z] ----------------------------------------------------------------------
[debug] [2018-10-13T13:50:01.739Z] Command:       /usr/local/bin/node /usr/local/bin/firebase serve --only functions
[debug] [2018-10-13T13:50:01.739Z] CLI Version:   5.0.1
[debug] [2018-10-13T13:50:01.740Z] Platform:      darwin
[debug] [2018-10-13T13:50:01.740Z] Node Version:  v8.9.4
[debug] [2018-10-13T13:50:01.740Z] Time:          Sat Oct 13 2018 22:50:01 GMT+0900 (JST)
[debug] [2018-10-13T13:50:01.740Z] ----------------------------------------------------------------------
[debug] 
[debug] [2018-10-13T13:50:01.753Z] > command requires scopes: ["email","openid","https://www.googleapis.com/auth/cloudplatformprojects.readonly","https://www.googleapis.com/auth/firebase","https://www.googleapis.com/auth/cloud-platform"]
[debug] [2018-10-13T13:50:01.753Z] > authorizing via signed-in user
[debug] [2018-10-13T13:50:01.753Z] [iam] checking project lcnem-website for permissions ["firebase.projects.get"]
[debug] [2018-10-13T13:50:01.755Z] > refreshing access token with scopes: ["email","https://www.googleapis.com/auth/cloud-platform","https://www.googleapis.com/auth/cloudplatformprojects.readonly","https://www.googleapis.com/auth/firebase","openid"]
[debug] [2018-10-13T13:50:01.755Z] >>> HTTP REQUEST POST https://www.googleapis.com/oauth2/v3/token  
 <request body omitted>
[debug] [2018-10-13T13:50:01.967Z] <<< HTTP RESPONSE 200
[debug] [2018-10-13T13:50:01.986Z] >>> HTTP REQUEST POST https://cloudresourcemanager.googleapis.com/v1/projects/lcnem-website:testIamPermissions  

[debug] [2018-10-13T13:50:03.754Z] <<< HTTP RESPONSE 200
[debug] [2018-10-13T13:50:03.755Z] >>> HTTP REQUEST GET https://cloudresourcemanager.googleapis.com/v1/projects/lcnem-website  
 
[debug] [2018-10-13T13:50:04.584Z] <<< HTTP RESPONSE 200
[info] 
[info] === Serving from '/Users/kurataryusei/LCNEM/lcnem/firebase'...
[info] 
[info] i  functions: Preparing to emulate functions.
[debug] [2018-10-13T13:50:05.449Z] Fetching environment
[debug] [2018-10-13T13:50:05.451Z] >>> HTTP REQUEST GET https://mobilesdk-pa.googleapis.com/v1/projects/590647338608:getServerAppConfig  
 
[debug] [2018-10-13T13:50:06.223Z] <<< HTTP RESPONSE 200
[debug] [2018-10-13T13:50:06.224Z] Starting @google-cloud/functions-emulator
[debug] [2018-10-13T13:50:07.776Z] Parsing function triggers
[info] ✔  functions: sendMailV1: http://localhost:5000/lcnem-website/us-central1/sendMailV1
